TN:
SF:/home/runner/work/ros2-unit-test-sample/ros2-unit-test-sample/package1/src/package1.cpp
FN:3,_Z4funcbbb
FN:23,_Z9add_worldNSt7__cxx1112basic_stringIcSt11char_traitsIcESaIcEEE
FNDA:1,_Z9add_worldNSt7__cxx1112basic_stringIcSt11char_traitsIcESaIcEEE
FNDA:2,_Z4funcbbb
FNF:2
FNH:2
BRDA:5,0,0,2
BRDA:5,0,1,0
BRDA:10,0,0,1
BRDA:10,0,1,1
BRDA:15,0,0,0
BRDA:15,0,1,2
BRDA:24,0,0,1
BRDA:24,0,1,0
BRF:8
BRH:5
DA:3,2
DA:4,2
DA:5,2
DA:6,2
DA:8,0
DA:10,2
DA:11,1
DA:13,1
DA:15,2
DA:16,0
DA:18,2
DA:20,2
DA:23,1
DA:24,1
DA:25,1
DA:27,0
DA:29,0
LF:17
LH:13
end_of_record
TN:
SF:/home/runner/work/ros2-unit-test-sample/ros2-unit-test-sample/package2/src/main.cpp
FN:3,main
FNDA:0,main
FNF:1
FNH:0
DA:3,0
DA:4,0
DA:5,0
DA:6,0
DA:7,0
LF:5
LH:0
end_of_record
TN:
SF:/home/runner/work/ros2-unit-test-sample/ros2-unit-test-sample/package2/src/package2.cpp
FN:4,_ZN12Package2NodeC2Ev
FN:12,_ZN12Package2Node9subscribeESt10shared_ptrIN8std_msgs3msg6Int32_ISaIvEEEE
FN:17,_ZN12Package2Node7publishEv
FNDA:1,_ZN12Package2Node7publishEv
FNDA:1,_ZN12Package2NodeC2Ev
FNDA:1,_ZN12Package2Node9subscribeESt10shared_ptrIN8std_msgs3msg6Int32_ISaIvEEEE
FNF:3
FNH:3
BRDA:4,0,0,1
BRDA:4,0,1,0
BRDA:4,0,2,1
BRDA:4,0,3,0
BRDA:5,0,0,1
BRDA:5,0,1,0
BRDA:5,0,2,1
BRDA:5,0,3,0
BRDA:5,0,4,1
BRDA:5,0,5,0
BRDA:5,0,6,1
BRDA:5,0,7,0
BRDA:5,0,8,1
BRDA:5,0,9,0
BRDA:7,0,0,1
BRDA:7,0,1,0
BRDA:9,0,0,1
BRDA:9,0,1,0
BRDA:9,0,2,1
BRDA:9,0,3,0
BRDA:9,0,4,1
BRDA:9,0,5,0
BRDA:18,0,0,1
BRDA:18,0,1,0
BRDA:20,0,0,1
BRDA:20,0,1,0
BRF:26
BRH:13
DA:4,1
DA:5,4
DA:7,3
DA:9,1
DA:10,1
DA:12,1
DA:13,1
DA:14,1
DA:15,1
DA:17,1
DA:18,1
DA:19,1
DA:20,1
DA:21,1
LF:14
LH:14
end_of_record
TN:
SF:/home/runner/work/ros2-unit-test-sample/ros2-unit-test-sample/package3/src/package3.cpp
FN:3,_Z18dangerous_functionv
FNDA:1,_Z18dangerous_functionv
FNF:1
FNH:1
DA:3,1
DA:4,1
DA:5,1
DA:6,1
LF:4
LH:4
end_of_record
